
**** Clean-only build of configuration Default for project HelloCpp ****

bash F:/cocos2d/Cocos2d-x-demo/dropping_2/proj.android/build_native.sh clean 

Cannot run program "bash": Launching failed
Error: Program "bash" is not found in PATH

PATH=[C:\Ruby193\bin;C:\Program Files (x86)\NVIDIA Corporation\PhysX\Common;C:\Windows\system32;C:\Windows;C:\Windows\System32\Wbem;C:\Windows\System32\WindowsPowerShell\v1.0\;C:\Program Files (x86)\Microsoft SQL Server\100\Tools\Binn\;C:\Program Files\Microsoft SQL Server\100\Tools\Binn\;C:\Program Files\Microsoft SQL Server\100\DTS\Binn\;C:\Program Files\TortoiseSVN\bin;C:\Program Files (x86)\Microsoft SQL Server\100\Tools\Binn\VSShell\Common7\IDE\;C:\Program Files (x86)\Microsoft SQL Server\100\DTS\Binn\;C:\Program Files (x86)\Microsoft Visual Studio 9.0\Common7\IDE\PrivateAssemblies\;C:\Program Files (x86)\Autodesk\Backburner\;C:\Program Files\Common Files\Autodesk Shared\;C:\Program Files\Java\jre7\bin;D:\Program Files\nodejs\;D:\CooCox\CoIDE\gcc\bin;C:\Users\xiebc\AppData\Roaming\npm;D:\Program Files (x86)\DEV-CPP\Bin;F:\资料\Android DEV\开发工具\android-ndk-r9-windows-x86_64\android-ndk-r9]

**** Build Finished ****

**** Clean-only build of configuration Default for project dropping_2 ****

bash F:/cocos2d/Cocos2d-x-demo/dropping_2/proj.ouya/build_native.sh clean 

Cannot run program "bash": Launching failed
Error: Program "bash" is not found in PATH

PATH=[C:\Ruby193\bin;C:\Program Files (x86)\NVIDIA Corporation\PhysX\Common;C:\Windows\system32;C:\Windows;C:\Windows\System32\Wbem;C:\Windows\System32\WindowsPowerShell\v1.0\;C:\Program Files (x86)\Microsoft SQL Server\100\Tools\Binn\;C:\Program Files\Microsoft SQL Server\100\Tools\Binn\;C:\Program Files\Microsoft SQL Server\100\DTS\Binn\;C:\Program Files\TortoiseSVN\bin;C:\Program Files (x86)\Microsoft SQL Server\100\Tools\Binn\VSShell\Common7\IDE\;C:\Program Files (x86)\Microsoft SQL Server\100\DTS\Binn\;C:\Program Files (x86)\Microsoft Visual Studio 9.0\Common7\IDE\PrivateAssemblies\;C:\Program Files (x86)\Autodesk\Backburner\;C:\Program Files\Common Files\Autodesk Shared\;C:\Program Files\Java\jre7\bin;D:\Program Files\nodejs\;D:\CooCox\CoIDE\gcc\bin;C:\Users\xiebc\AppData\Roaming\npm;D:\Program Files (x86)\DEV-CPP\Bin;F:\资料\Android DEV\开发工具\android-ndk-r9-windows-x86_64\android-ndk-r9]

**** Build Finished ****

**** Build of configuration Default for project dropping_2 ****

bash F:/cocos2d/Cocos2d-x-demo/dropping_2/proj.ouya/build_native.sh 

Cannot run program "bash": Launching failed
Error: Program "bash" is not found in PATH

PATH=[C:\Ruby193\bin;C:\Program Files (x86)\NVIDIA Corporation\PhysX\Common;C:\Windows\system32;C:\Windows;C:\Windows\System32\Wbem;C:\Windows\System32\WindowsPowerShell\v1.0\;C:\Program Files (x86)\Microsoft SQL Server\100\Tools\Binn\;C:\Program Files\Microsoft SQL Server\100\Tools\Binn\;C:\Program Files\Microsoft SQL Server\100\DTS\Binn\;C:\Program Files\TortoiseSVN\bin;C:\Program Files (x86)\Microsoft SQL Server\100\Tools\Binn\VSShell\Common7\IDE\;C:\Program Files (x86)\Microsoft SQL Server\100\DTS\Binn\;C:\Program Files (x86)\Microsoft Visual Studio 9.0\Common7\IDE\PrivateAssemblies\;C:\Program Files (x86)\Autodesk\Backburner\;C:\Program Files\Common Files\Autodesk Shared\;C:\Program Files\Java\jre7\bin;D:\Program Files\nodejs\;D:\CooCox\CoIDE\gcc\bin;C:\Users\xiebc\AppData\Roaming\npm;D:\Program Files (x86)\DEV-CPP\Bin;F:\资料\Android DEV\开发工具\android-ndk-r9-windows-x86_64\android-ndk-r9]

**** Build Finished ****

**** Clean-only build of configuration Default for project SimpleGame ****

bash F:/cocos2d/cocos2d-x-3.0-master/samples/Cpp/SimpleGame/proj.android/build_native.sh clean 

Cannot run program "bash": Launching failed
Error: Program "bash" is not found in PATH

PATH=[C:\Ruby193\bin;C:\Program Files (x86)\NVIDIA Corporation\PhysX\Common;C:\Windows\system32;C:\Windows;C:\Windows\System32\Wbem;C:\Windows\System32\WindowsPowerShell\v1.0\;C:\Program Files (x86)\Microsoft SQL Server\100\Tools\Binn\;C:\Program Files\Microsoft SQL Server\100\Tools\Binn\;C:\Program Files\Microsoft SQL Server\100\DTS\Binn\;C:\Program Files\TortoiseSVN\bin;C:\Program Files (x86)\Microsoft SQL Server\100\Tools\Binn\VSShell\Common7\IDE\;C:\Program Files (x86)\Microsoft SQL Server\100\DTS\Binn\;C:\Program Files (x86)\Microsoft Visual Studio 9.0\Common7\IDE\PrivateAssemblies\;C:\Program Files (x86)\Autodesk\Backburner\;C:\Program Files\Common Files\Autodesk Shared\;C:\Program Files\Java\jre7\bin;D:\Program Files\nodejs\;D:\CooCox\CoIDE\gcc\bin;C:\Users\xiebc\AppData\Roaming\npm;D:\Program Files (x86)\DEV-CPP\Bin;F:\资料\Android DEV\开发工具\android-ndk-r9-windows-x86_64\android-ndk-r9]

**** Build Finished ****

**** Clean-only build of configuration Default for project SimpleGame ****

bash F:/cocos2d/cocos2d-x-3.0-master/samples/Cpp/SimpleGame/proj.android/build_native.sh clean 
cygwin warning:
  MS-DOS style path detected: F:\cocos2d\cocos2d-x-3.0-master\samples\Cpp\SimpleGame\proj.android
  Preferred POSIX equivalent is: /cygdrive/f/cocos2d/cocos2d-x-3.0-master/samples/Cpp/SimpleGame/proj.android
  CYGWIN environment variable option "nodosfilewarning" turns off this warning.
  Consult the user's guide for more details about POSIX paths:
    http://cygwin.com/cygwin-ug-net/using.html#using-pathnames
NDK_ROOT not defined. Please define NDK_ROOT in your environment or in local.properties

**** Build Finished ****

**** Build of configuration Default for project SimpleGame ****

bash F:/cocos2d/cocos2d-x-3.0-master/samples/Cpp/SimpleGame/proj.android/build_native.sh 
cygwin warning:
  MS-DOS style path detected: F:\cocos2d\cocos2d-x-3.0-master\samples\Cpp\SimpleGame\proj.android
  Preferred POSIX equivalent is: /cygdrive/f/cocos2d/cocos2d-x-3.0-master/samples/Cpp/SimpleGame/proj.android
  CYGWIN environment variable option "nodosfilewarning" turns off this warning.
  Consult the user's guide for more details about POSIX paths:
    http://cygwin.com/cygwin-ug-net/using.html#using-pathnames
NDK_ROOT not defined. Please define NDK_ROOT in your environment or in local.properties

**** Build Finished ****
